# JRE version: OpenJDK Runtime Environment (11.0.8+10) (build 11.0.8+10-b944.6842174)
# Java VM: OpenJDK 64-Bit Server VM (11.0.8+10-b944.6842174, mixed mode, tiered, compressed oops, g1 gc, windows-amd64)
Heap:
 garbage-first heap   total 262144K, used 126465K [0x0000000080000000, 0x0000000100000000)
  region size 1024K, 56 young (57344K), 10 survivors (10240K)
 Metaspace       used 93924K, capacity 96336K, committed 96512K, reserved 1132544K
  class space    used 11860K, capacity 12721K, committed 12800K, reserved 1048576K
GC Heap History (20 events):
Event: 1.954 GC heap before
{Heap before GC invocations=4 (full 0):
 garbage-first heap   total 262144K, used 98781K [0x0000000080000000, 0x0000000100000000)
  region size 1024K, 83 young (84992K), 2 survivors (2048K)
 Metaspace       used 35109K, capacity 35829K, committed 35840K, reserved 1081344K
  class space    used 4570K, capacity 4856K, committed 4864K, reserved 1048576K
}
Event: 1.960 GC heap after
{Heap after GC invocations=5 (full 0):
 garbage-first heap   total 262144K, used 21108K [0x0000000080000000, 0x0000000100000000)
  region size 1024K, 6 young (6144K), 6 survivors (6144K)
 Metaspace       used 35109K, capacity 35829K, committed 35840K, reserved 1081344K
  class space    used 4570K, capacity 4856K, committed 4864K, reserved 1048576K
}
Event: 2.830 GC heap before
{Heap before GC invocations=6 (full 0):
 garbage-first heap   total 262144K, used 135796K [0x0000000080000000, 0x0000000100000000)
  region size 1024K, 114 young (116736K), 6 survivors (6144K)
 Metaspace       used 44299K, capacity 45366K, committed 45568K, reserved 1089536K
  class space    used 5688K, capacity 6072K, committed 6144K, reserved 1048576K
}
Event: 2.836 GC heap after
{Heap after GC invocations=7 (full 0):
 garbage-first heap   total 262144K, used 27021K [0x0000000080000000, 0x0000000100000000)
  region size 1024K, 11 young (11264K), 11 survivors (11264K)
 Metaspace       used 44299K, capacity 45366K, committed 45568K, reserved 1089536K
  class space    used 5688K, capacity 6072K, committed 6144K, reserved 1048576K
}
Event: 3.828 GC heap before
{Heap before GC invocations=7 (full 0):
 garbage-first heap   total 262144K, used 177549K [0x0000000080000000, 0x0000000100000000)
  region size 1024K, 153 young (156672K), 11 survivors (11264K)
 Metaspace       used 58283K, capacity 59743K, committed 59904K, reserved 1101824K
  class space    used 7407K, capacity 7935K, committed 7936K, reserved 1048576K
}
Event: 3.838 GC heap after
{Heap after GC invocations=8 (full 0):
 garbage-first heap   total 262144K, used 46415K [0x0000000080000000, 0x0000000100000000)
  region size 1024K, 19 young (19456K), 19 survivors (19456K)
 Metaspace       used 58283K, capacity 59743K, committed 59904K, reserved 1101824K
  class space    used 7407K, capacity 7935K, committed 7936K, reserved 1048576K
}
Event: 3.868 GC heap before
{Heap before GC invocations=8 (full 0):
 garbage-first heap   total 262144K, used 51535K [0x0000000080000000, 0x0000000100000000)
  region size 1024K, 24 young (24576K), 19 survivors (19456K)
 Metaspace       used 58664K, capacity 60021K, committed 60160K, reserved 1101824K
  class space    used 7437K, capacity 7939K, committed 8064K, reserved 1048576K
}
Event: 3.879 GC heap after
{Heap after GC invocations=9 (full 0):
 garbage-first heap   total 262144K, used 49255K [0x0000000080000000, 0x0000000100000000)
  region size 1024K, 4 young (4096K), 4 survivors (4096K)
 Metaspace       used 58664K, capacity 60021K, committed 60160K, reserved 1101824K
  class space    used 7437K, capacity 7939K, committed 8064K, reserved 1048576K
}
Event: 4.706 GC heap before
{Heap before GC invocations=10 (full 0):
 garbage-first heap   total 262144K, used 171111K [0x0000000080000000, 0x0000000100000000)
  region size 1024K, 123 young (125952K), 4 survivors (4096K)
 Metaspace       used 69237K, capacity 70872K, committed 71040K, reserved 1110016K
  class space    used 9025K, capacity 9597K, committed 9600K, reserved 1048576K
}
Event: 4.711 GC heap after
{Heap after GC invocations=11 (full 0):
 garbage-first heap   total 262144K, used 54792K [0x0000000080000000, 0x0000000100000000)
  region size 1024K, 9 young (9216K), 9 survivors (9216K)
 Metaspace       used 69237K, capacity 70872K, committed 71040K, reserved 1110016K
  class space    used 9025K, capacity 9597K, committed 9600K, reserved 1048576K
}
Event: 5.605 GC heap before
{Heap before GC invocations=11 (full 0):
 garbage-first heap   total 262144K, used 180744K [0x0000000080000000, 0x0000000100000000)
  region size 1024K, 133 young (136192K), 9 survivors (9216K)
 Metaspace       used 78948K, capacity 81033K, committed 81280K, reserved 1120256K
  class space    used 10321K, capacity 11078K, committed 11136K, reserved 1048576K
}
Event: 5.613 GC heap after
{Heap after GC invocations=12 (full 0):
 garbage-first heap   total 262144K, used 62746K [0x0000000080000000, 0x0000000100000000)
  region size 1024K, 17 young (17408K), 17 survivors (17408K)
 Metaspace       used 78948K, capacity 81033K, committed 81280K, reserved 1120256K
  class space    used 10321K, capacity 11078K, committed 11136K, reserved 1048576K
}
Event: 6.131 GC heap before
{Heap before GC invocations=12 (full 0):
 garbage-first heap   total 262144K, used 188698K [0x0000000080000000, 0x0000000100000000)
  region size 1024K, 141 young (144384K), 17 survivors (17408K)
 Metaspace       used 81993K, capacity 84165K, committed 84480K, reserved 1122304K
  class space    used 10665K, capacity 11422K, committed 11520K, reserved 1048576K
}
Event: 6.142 GC heap after
{Heap after GC invocations=13 (full 0):
 garbage-first heap   total 262144K, used 68969K [0x0000000080000000, 0x0000000100000000)
  region size 1024K, 15 young (15360K), 15 survivors (15360K)
 Metaspace       used 81993K, capacity 84165K, committed 84480K, reserved 1122304K
  class space    used 10665K, capacity 11422K, committed 11520K, reserved 1048576K
}
Event: 103.109 GC heap before
{Heap before GC invocations=13 (full 0):
 garbage-first heap   total 262144K, used 194921K [0x0000000080000000, 0x0000000100000000)
  region size 1024K, 139 young (142336K), 15 survivors (15360K)
 Metaspace       used 90967K, capacity 93295K, committed 93440K, reserved 1130496K
  class space    used 11619K, capacity 12443K, committed 12544K, reserved 1048576K
}
Event: 103.122 GC heap after
{Heap after GC invocations=14 (full 0):
 garbage-first heap   total 262144K, used 77319K [0x0000000080000000, 0x0000000100000000)
  region size 1024K, 16 young (16384K), 16 survivors (16384K)
 Metaspace       used 90967K, capacity 93295K, committed 93440K, reserved 1130496K
  class space    used 11619K, capacity 12443K, committed 12544K, reserved 1048576K
}
Event: 123.691 GC heap before
{Heap before GC invocations=14 (full 0):
 garbage-first heap   total 262144K, used 198151K [0x0000000080000000, 0x0000000100000000)
  region size 1024K, 135 young (138240K), 16 survivors (16384K)
 Metaspace       used 91489K, capacity 93848K, committed 93952K, reserved 1130496K
  class space    used 11629K, capacity 12458K, committed 12544K, reserved 1048576K
}
Event: 123.698 GC heap after
{Heap after GC invocations=15 (full 0):
 garbage-first heap   total 262144K, used 75719K [0x0000000080000000, 0x0000000100000000)
  region size 1024K, 4 young (4096K), 4 survivors (4096K)
 Metaspace       used 91489K, capacity 93848K, committed 93952K, reserved 1130496K
  class space    used 11629K, capacity 12458K, committed 12544K, reserved 1048576K
}
Event: 124.250 GC heap before
{Heap before GC invocations=15 (full 0):
 garbage-first heap   total 262144K, used 203719K [0x0000000080000000, 0x0000000100000000)
  region size 1024K, 130 young (133120K), 4 survivors (4096K)
 Metaspace       used 93596K, capacity 96042K, committed 96256K, reserved 1132544K
  class space    used 11835K, capacity 12687K, committed 12800K, reserved 1048576K
}
Event: 124.257 GC heap after
{Heap after GC invocations=16 (full 0):
 garbage-first heap   total 262144K, used 81409K [0x0000000080000000, 0x0000000100000000)
  region size 1024K, 10 young (10240K), 10 survivors (10240K)
 Metaspace       used 93596K, capacity 96042K, committed 96256K, reserved 1132544K
  class space    used 11835K, capacity 12687K, committed 12800K, reserved 1048576K
}

